Build started 7/15/2013 2:43:27 AM.
     1>Project "Z:\GTAMP\trunk\Network\Core\Network.Core.vcxproj" on node 7 (build target(s)).
     1>InitializeBuildStatus:
         Creating "Debug\Network.Core.unsuccessfulbuild" because "AlwaysCreate" was specified.
       ClCompile:
         C:\Program Files (x86)\Microsoft Visual Studio 10.0\VC\bin\CL.exe /c /I. /I../../Shared /I../../Shared/Network /ZI /nologo /W3 /WX- /Od /Oy- /D WIN32 /D _DEBUG /D _WINDOWS /D _USRDLL /D NET_EXPORTS /D _CRT_SECURE_NO_WARNINGS /D _CRT_SECURE_NO_DEPRECATE /D __NETWORKCORE /D _WINDLL /Gm /EHsc /RTC1 /MDd /GS /fp:precise /Zc:wchar_t /Zc:forScope /Yc"StdInc.h" /Fp"Debug\Network.Core.Debug.pch" /Fo"Debug\\" /Fd"Debug\vc100.pdb" /Gd /TP /wd4996 /analyze- /errorReport:prompt StdInc.cpp
         StdInc.cpp
         C:\Program Files (x86)\Microsoft Visual Studio 10.0\VC\bin\CL.exe /c /I. /I../../Shared /I../../Shared/Network /ZI /nologo /W3 /WX- /Od /Oy- /D WIN32 /D _DEBUG /D _WINDOWS /D _USRDLL /D NET_EXPORTS /D _CRT_SECURE_NO_WARNINGS /D _CRT_SECURE_NO_DEPRECATE /D __NETWORKCORE /D _WINDLL /Gm /EHsc /RTC1 /MDd /GS /fp:precise /Zc:wchar_t /Zc:forScope /Fo"Debug\\" /Fd"Debug\vc100.pdb" /Gd /TP /wd4996 /analyze- /errorReport:prompt CNetClient.cpp CNetServer.cpp RakNet\Base64Encoder.cpp RakNet\BitStream.cpp RakNet\CCRakNetSlidingWindow.cpp RakNet\CCRakNetUDT.cpp RakNet\CheckSum.cpp RakNet\CloudClient.cpp RakNet\CloudCommon.cpp RakNet\CloudServer.cpp RakNet\CommandParserInterface.cpp RakNet\ConnectionGraph2.cpp RakNet\ConsoleServer.cpp RakNet\DataCompressor.cpp RakNet\DirectoryDeltaTransfer.cpp RakNet\DS_BytePool.cpp RakNet\DS_ByteQueue.cpp RakNet\DS_HuffmanEncodingTree.cpp RakNet\DS_Table.cpp RakNet\DynDNS.cpp RakNet\EmailSender.cpp RakNet\EncodeClassName.cpp RakNet\EpochTimeToString.cpp RakNet\FileList.cpp RakNet\FileListTransfer.cpp RakNet\FileOperations.cpp RakNet\FormatString.cpp RakNet\FullyConnectedMesh2.cpp RakNet\Getche.cpp RakNet\Gets.cpp RakNet\GetTime.cpp RakNet\gettimeofday.cpp RakNet\GridSectorizer.cpp RakNet\HTTPConnection.cpp RakNet\HTTPConnection2.cpp RakNet\IncrementalReadInterface.cpp RakNet\Itoa.cpp RakNet\LinuxStrings.cpp RakNet\LocklessTypes.cpp RakNet\LogCommandParser.cpp RakNet\MessageFilter.cpp RakNet\NatPunchthroughClient.cpp RakNet\NatPunchthroughServer.cpp RakNet\NatTypeDetectionClient.cpp RakNet\NatTypeDetectionCommon.cpp RakNet\NatTypeDetectionServer.cpp RakNet\NetworkIDManager.cpp RakNet\NetworkIDObject.cpp RakNet\PacketConsoleLogger.cpp RakNet\PacketFileLogger.cpp RakNet\PacketizedTCP.cpp RakNet\PacketLogger.cpp RakNet\PacketOutputWindowLogger.cpp RakNet\PluginInterface2.cpp RakNet\Rackspace.cpp RakNet\RakMemoryOverride.cpp RakNet\RakNetCommandParser.cpp RakNet\RakNetSocket.cpp RakNet\RakNetSocket2.cpp RakNet\RakNetSocket2_360_720.cpp RakNet\RakNetSocket2_Berkley.cpp RakNet\RakNetSocket2_NativeClient.cpp RakNet\RakNetSocket2_PS3_PS4.cpp RakNet\RakNetSocket2_Vita.cpp RakNet\RakNetSocket2_Windows_Linux.cpp RakNet\RakNetSocket2_Windows_Linux_360.cpp RakNet\RakNetStatistics.cpp RakNet\RakNetTransport2.cpp RakNet\RakNetTypes.cpp RakNet\RakPeer.cpp RakNet\RakSleep.cpp RakNet\RakString.cpp RakNet\RakThread.cpp RakNet\RakWString.cpp RakNet\Rand.cpp RakNet\ReadyEvent.cpp RakNet\RelayPlugin.cpp RakNet\ReliabilityLayer.cpp RakNet\ReplicaManager3.cpp RakNet\Router2.cpp RakNet\RPC4Plugin.cpp RakNet\SecureHandshake.cpp RakNet\SendToThread.cpp RakNet\SHA1.cpp RakNet\SignaledEvent.cpp RakNet\SimpleMutex.cpp RakNet\SocketLayer.cpp RakNet\StatisticsHistory.cpp RakNet\StringCompressor.cpp RakNet\StringTable.cpp RakNet\SuperFastHash.cpp RakNet\TableSerializer.cpp RakNet\TCPInterface.cpp RakNet\TeamBalancer.cpp RakNet\TeamManager.cpp RakNet\TelnetTransport.cpp RakNet\ThreadsafePacketLogger.cpp RakNet\TwoWayAuthentication.cpp RakNet\UDPForwarder.cpp RakNet\UDPProxyClient.cpp RakNet\UDPProxyCoordinator.cpp RakNet\UDPProxyServer.cpp RakNet\VariableDeltaSerializer.cpp RakNet\VariableListDeltaTracker.cpp RakNet\VariadicSQLParser.cpp RakNet\VitaIncludes.cpp RakNet\WSAStartupSingleton.cpp RakNet\_FindFirst.cpp
         _FindFirst.cpp
         WSAStartupSingleton.cpp
         VitaIncludes.cpp
         VariadicSQLParser.cpp
         VariableListDeltaTracker.cpp
         VariableDeltaSerializer.cpp
         UDPProxyServer.cpp
         UDPProxyCoordinator.cpp
         UDPProxyClient.cpp
         UDPForwarder.cpp
         TwoWayAuthentication.cpp
         ThreadsafePacketLogger.cpp
         TelnetTransport.cpp
         TeamManager.cpp
         TeamBalancer.cpp
         TCPInterface.cpp
         TableSerializer.cpp
         SuperFastHash.cpp
         StringTable.cpp
         StringCompressor.cpp
         Generating Code...
         Compiling...
         StatisticsHistory.cpp
         SocketLayer.cpp
         SimpleMutex.cpp
         SignaledEvent.cpp
         SHA1.cpp
         SendToThread.cpp
         SecureHandshake.cpp
         RPC4Plugin.cpp
         Router2.cpp
         ReplicaManager3.cpp
         ReliabilityLayer.cpp
         RelayPlugin.cpp
         ReadyEvent.cpp
         Rand.cpp
         RakWString.cpp
         RakThread.cpp
         RakString.cpp
         RakSleep.cpp
         RakPeer.cpp
         RakNetTypes.cpp
         Generating Code...
         Compiling...
         RakNetTransport2.cpp
         RakNetStatistics.cpp
         RakNetSocket2_Windows_Linux_360.cpp
         RakNetSocket2_Windows_Linux.cpp
         RakNetSocket2_Vita.cpp
         RakNetSocket2_PS3_PS4.cpp
         RakNetSocket2_NativeClient.cpp
         RakNetSocket2_Berkley.cpp
         RakNetSocket2_360_720.cpp
         RakNetSocket2.cpp
         RakNetSocket.cpp
         RakNetCommandParser.cpp
         RakMemoryOverride.cpp
         Rackspace.cpp
         PluginInterface2.cpp
         PacketOutputWindowLogger.cpp
         PacketLogger.cpp
         PacketizedTCP.cpp
         PacketFileLogger.cpp
         PacketConsoleLogger.cpp
         Generating Code...
         Compiling...
         NetworkIDObject.cpp
         NetworkIDManager.cpp
         NatTypeDetectionServer.cpp
         NatTypeDetectionCommon.cpp
         NatTypeDetectionClient.cpp
         NatPunchthroughServer.cpp
         NatPunchthroughClient.cpp
         MessageFilter.cpp
         LogCommandParser.cpp
         LocklessTypes.cpp
         LinuxStrings.cpp
         Itoa.cpp
         IncrementalReadInterface.cpp
         HTTPConnection2.cpp
         HTTPConnection.cpp
         GridSectorizer.cpp
         gettimeofday.cpp
         GetTime.cpp
         Gets.cpp
         Getche.cpp
         Generating Code...
         Compiling...
         FullyConnectedMesh2.cpp
         FormatString.cpp
         FileOperations.cpp
         FileListTransfer.cpp
         FileList.cpp
         EpochTimeToString.cpp
         EncodeClassName.cpp
         EmailSender.cpp
         DynDNS.cpp
         DS_Table.cpp
         DS_HuffmanEncodingTree.cpp
         DS_ByteQueue.cpp
         DS_BytePool.cpp
         DirectoryDeltaTransfer.cpp
         DataCompressor.cpp
         ConsoleServer.cpp
         ConnectionGraph2.cpp
         CommandParserInterface.cpp
         CloudServer.cpp
         CloudCommon.cpp
         Generating Code...
         Compiling...
         CloudClient.cpp
         CheckSum.cpp
         CCRakNetUDT.cpp
         CCRakNetSlidingWindow.cpp
         BitStream.cpp
         Base64Encoder.cpp
         CNetServer.cpp
         CNetClient.cpp
         Generating Code...
         C:\Program Files (x86)\Microsoft Visual Studio 10.0\VC\bin\CL.exe /c /I. /I../../Shared /I../../Shared/Network /ZI /nologo /W3 /WX- /Od /Oy- /D WIN32 /D _DEBUG /D _WINDOWS /D _USRDLL /D NET_EXPORTS /D _CRT_SECURE_NO_WARNINGS /D _CRT_SECURE_NO_DEPRECATE /D __NETWORKCORE /D _WINDLL /Gm /EHsc /RTC1 /MDd /GS /fp:precise /Zc:wchar_t /Zc:forScope /Yu"StdInc.h" /Fp"Debug\Network.Core.Debug.pch" /Fo"Debug\\" /Fd"Debug\vc100.pdb" /Gd /TP /wd4996 /analyze- /errorReport:prompt Main.cpp
         Main.cpp
         C:\Program Files (x86)\Microsoft Visual Studio 10.0\VC\bin\CL.exe /c /I. /I../../Shared /I../../Shared/Network /ZI /nologo /W3 /WX- /Od /Oy- /D WIN32 /D _DEBUG /D _WINDOWS /D _USRDLL /D NET_EXPORTS /D _CRT_SECURE_NO_WARNINGS /D _CRT_SECURE_NO_DEPRECATE /D __NETWORKCORE /D _WINDLL /Gm /EHsc /RTC1 /MDd /GS /fp:precise /Zc:wchar_t /Zc:forScope /Fo"Debug\\" /Fd"Debug\vc100.pdb" /Gd /TP /wd4996 /analyze- /errorReport:prompt RakNet\rdlmalloc.cpp ..\..\Shared\Network\CBitStream.cpp ..\..\Shared\Game\CControlState.cpp ..\..\Shared\CString.cpp ..\..\Shared\SharedUtility.cpp
         SharedUtility.cpp
         CString.cpp
         CControlState.cpp
         CBitStream.cpp
         rdlmalloc.cpp
         Generating Code...
       ManifestResourceCompile:
         C:\Program Files (x86)\Microsoft SDKs\Windows\v7.0A\bin\rc.exe /nologo /fo"Debug\Network.Core.Debug.dll.embed.manifest.res" Debug\Network.Core.Debug_manifest.rc 
       Link:
         C:\Program Files (x86)\Microsoft Visual Studio 10.0\VC\bin\link.exe /ERRORREPORT:PROMPT /OUT:"Z:\GTAMP\trunk\Binary\\Network.Core.Debug.dll" /INCREMENTAL /NOLOGO ws2_32.lib kernel32.lib user32.lib gdi32.lib winspool.lib comdlg32.lib advapi32.lib shell32.lib ole32.lib oleaut32.lib uuid.lib odbc32.lib odbccp32.lib /MANIFEST /ManifestFile:"Debug\Network.Core.Debug.dll.intermediate.manifest" /MANIFESTUAC:"level='asInvoker' uiAccess='false'" /DEBUG /PDB:"Z:\GTAMP\trunk\Binary\Network.Core.Debug.pdb" /SUBSYSTEM:WINDOWS /TLBID:1 /DYNAMICBASE /NXCOMPAT /IMPLIB:"Z:\GTAMP\trunk\Binary\Network.Core.Debug.lib" /MACHINE:X86 /DLL Debug\Network.Core.Debug.dll.embed.manifest.res
         Debug\CNetClient.obj
         Debug\CNetServer.obj
         Debug\Main.obj
         Debug\Base64Encoder.obj
         Debug\BitStream.obj
         Debug\CCRakNetSlidingWindow.obj
         Debug\CCRakNetUDT.obj
         Debug\CheckSum.obj
         Debug\CloudClient.obj
         Debug\CloudCommon.obj
         Debug\CloudServer.obj
         Debug\CommandParserInterface.obj
         Debug\ConnectionGraph2.obj
         Debug\ConsoleServer.obj
         Debug\DataCompressor.obj
         Debug\DirectoryDeltaTransfer.obj
         Debug\DS_BytePool.obj
         Debug\DS_ByteQueue.obj
         Debug\DS_HuffmanEncodingTree.obj
         Debug\DS_Table.obj
         Debug\DynDNS.obj
         Debug\EmailSender.obj
         Debug\EncodeClassName.obj
         Debug\EpochTimeToString.obj
         Debug\FileList.obj
         Debug\FileListTransfer.obj
         Debug\FileOperations.obj
         Debug\FormatString.obj
         Debug\FullyConnectedMesh2.obj
         Debug\Getche.obj
         Debug\Gets.obj
         Debug\GetTime.obj
         Debug\gettimeofday.obj
         Debug\GridSectorizer.obj
         Debug\HTTPConnection.obj
         Debug\HTTPConnection2.obj
         Debug\IncrementalReadInterface.obj
         Debug\Itoa.obj
         Debug\LinuxStrings.obj
         Debug\LocklessTypes.obj
         Debug\LogCommandParser.obj
         Debug\MessageFilter.obj
         Debug\NatPunchthroughClient.obj
         Debug\NatPunchthroughServer.obj
         Debug\NatTypeDetectionClient.obj
         Debug\NatTypeDetectionCommon.obj
         Debug\NatTypeDetectionServer.obj
         Debug\NetworkIDManager.obj
         Debug\NetworkIDObject.obj
         Debug\PacketConsoleLogger.obj
         Debug\PacketFileLogger.obj
         Debug\PacketizedTCP.obj
         Debug\PacketLogger.obj
         Debug\PacketOutputWindowLogger.obj
         Debug\PluginInterface2.obj
         Debug\Rackspace.obj
         Debug\RakMemoryOverride.obj
         Debug\RakNetCommandParser.obj
         Debug\RakNetSocket.obj
         Debug\RakNetSocket2.obj
         Debug\RakNetSocket2_360_720.obj
         Debug\RakNetSocket2_Berkley.obj
         Debug\RakNetSocket2_NativeClient.obj
         Debug\RakNetSocket2_PS3_PS4.obj
         Debug\RakNetSocket2_Vita.obj
         Debug\RakNetSocket2_Windows_Linux.obj
         Debug\RakNetSocket2_Windows_Linux_360.obj
         Debug\RakNetStatistics.obj
         Debug\RakNetTransport2.obj
         Debug\RakNetTypes.obj
         Debug\RakPeer.obj
         Debug\RakSleep.obj
         Debug\RakString.obj
         Debug\RakThread.obj
         Debug\RakWString.obj
         Debug\Rand.obj
         Debug\ReadyEvent.obj
         Debug\RelayPlugin.obj
         Debug\ReliabilityLayer.obj
         Debug\ReplicaManager3.obj
         Debug\Router2.obj
         Debug\RPC4Plugin.obj
         Debug\SecureHandshake.obj
         Debug\SendToThread.obj
         Debug\SHA1.obj
         Debug\SignaledEvent.obj
         Debug\SimpleMutex.obj
         Debug\SocketLayer.obj
         Debug\StatisticsHistory.obj
         Debug\StringCompressor.obj
         Debug\StringTable.obj
         Debug\SuperFastHash.obj
         Debug\TableSerializer.obj
         Debug\TCPInterface.obj
         Debug\TeamBalancer.obj
         Debug\TeamManager.obj
         Debug\TelnetTransport.obj
         Debug\ThreadsafePacketLogger.obj
         Debug\TwoWayAuthentication.obj
         Debug\UDPForwarder.obj
         Debug\UDPProxyClient.obj
         Debug\UDPProxyCoordinator.obj
         Debug\UDPProxyServer.obj
         Debug\VariableDeltaSerializer.obj
         Debug\VariableListDeltaTracker.obj
         Debug\VariadicSQLParser.obj
         Debug\VitaIncludes.obj
         Debug\WSAStartupSingleton.obj
         Debug\_FindFirst.obj
         Debug\StdInc.obj
         Debug\rdlmalloc.obj
         Debug\CBitStream.obj
         Debug\CControlState.obj
         Debug\CString.obj
         Debug\SharedUtility.obj
            Creating library Z:\GTAMP\trunk\Binary\Network.Core.Debug.lib and object Z:\GTAMP\trunk\Binary\Network.Core.Debug.exp
       Manifest:
         C:\Program Files (x86)\Microsoft SDKs\Windows\v7.0A\bin\mt.exe /nologo /verbose /out:"Debug\Network.Core.Debug.dll.embed.manifest" /manifest Debug\Network.Core.Debug.dll.intermediate.manifest
         C:\Program Files (x86)\Microsoft SDKs\Windows\v7.0A\bin\rc.exe /nologo /fo"Debug\Network.Core.Debug.dll.embed.manifest.res" Debug\Network.Core.Debug_manifest.rc 
       LinkEmbedManifest:
         C:\Program Files (x86)\Microsoft Visual Studio 10.0\VC\bin\link.exe /ERRORREPORT:PROMPT /OUT:"Z:\GTAMP\trunk\Binary\\Network.Core.Debug.dll" /INCREMENTAL /NOLOGO ws2_32.lib kernel32.lib user32.lib gdi32.lib winspool.lib comdlg32.lib advapi32.lib shell32.lib ole32.lib oleaut32.lib uuid.lib odbc32.lib odbccp32.lib /MANIFEST /ManifestFile:"Debug\Network.Core.Debug.dll.intermediate.manifest" /MANIFESTUAC:"level='asInvoker' uiAccess='false'" /DEBUG /PDB:"Z:\GTAMP\trunk\Binary\Network.Core.Debug.pdb" /SUBSYSTEM:WINDOWS /TLBID:1 /DYNAMICBASE /NXCOMPAT /IMPLIB:"Z:\GTAMP\trunk\Binary\Network.Core.Debug.lib" /MACHINE:X86 /DLL Debug\Network.Core.Debug.dll.embed.manifest.res
         Debug\CNetClient.obj
         Debug\CNetServer.obj
         Debug\Main.obj
         Debug\Base64Encoder.obj
         Debug\BitStream.obj
         Debug\CCRakNetSlidingWindow.obj
         Debug\CCRakNetUDT.obj
         Debug\CheckSum.obj
         Debug\CloudClient.obj
         Debug\CloudCommon.obj
         Debug\CloudServer.obj
         Debug\CommandParserInterface.obj
         Debug\ConnectionGraph2.obj
         Debug\ConsoleServer.obj
         Debug\DataCompressor.obj
         Debug\DirectoryDeltaTransfer.obj
         Debug\DS_BytePool.obj
         Debug\DS_ByteQueue.obj
         Debug\DS_HuffmanEncodingTree.obj
         Debug\DS_Table.obj
         Debug\DynDNS.obj
         Debug\EmailSender.obj
         Debug\EncodeClassName.obj
         Debug\EpochTimeToString.obj
         Debug\FileList.obj
         Debug\FileListTransfer.obj
         Debug\FileOperations.obj
         Debug\FormatString.obj
         Debug\FullyConnectedMesh2.obj
         Debug\Getche.obj
         Debug\Gets.obj
         Debug\GetTime.obj
         Debug\gettimeofday.obj
         Debug\GridSectorizer.obj
         Debug\HTTPConnection.obj
         Debug\HTTPConnection2.obj
         Debug\IncrementalReadInterface.obj
         Debug\Itoa.obj
         Debug\LinuxStrings.obj
         Debug\LocklessTypes.obj
         Debug\LogCommandParser.obj
         Debug\MessageFilter.obj
         Debug\NatPunchthroughClient.obj
         Debug\NatPunchthroughServer.obj
         Debug\NatTypeDetectionClient.obj
         Debug\NatTypeDetectionCommon.obj
         Debug\NatTypeDetectionServer.obj
         Debug\NetworkIDManager.obj
         Debug\NetworkIDObject.obj
         Debug\PacketConsoleLogger.obj
         Debug\PacketFileLogger.obj
         Debug\PacketizedTCP.obj
         Debug\PacketLogger.obj
         Debug\PacketOutputWindowLogger.obj
         Debug\PluginInterface2.obj
         Debug\Rackspace.obj
         Debug\RakMemoryOverride.obj
         Debug\RakNetCommandParser.obj
         Debug\RakNetSocket.obj
         Debug\RakNetSocket2.obj
         Debug\RakNetSocket2_360_720.obj
         Debug\RakNetSocket2_Berkley.obj
         Debug\RakNetSocket2_NativeClient.obj
         Debug\RakNetSocket2_PS3_PS4.obj
         Debug\RakNetSocket2_Vita.obj
         Debug\RakNetSocket2_Windows_Linux.obj
         Debug\RakNetSocket2_Windows_Linux_360.obj
         Debug\RakNetStatistics.obj
         Debug\RakNetTransport2.obj
         Debug\RakNetTypes.obj
         Debug\RakPeer.obj
         Debug\RakSleep.obj
         Debug\RakString.obj
         Debug\RakThread.obj
         Debug\RakWString.obj
         Debug\Rand.obj
         Debug\ReadyEvent.obj
         Debug\RelayPlugin.obj
         Debug\ReliabilityLayer.obj
         Debug\ReplicaManager3.obj
         Debug\Router2.obj
         Debug\RPC4Plugin.obj
         Debug\SecureHandshake.obj
         Debug\SendToThread.obj
         Debug\SHA1.obj
         Debug\SignaledEvent.obj
         Debug\SimpleMutex.obj
         Debug\SocketLayer.obj
         Debug\StatisticsHistory.obj
         Debug\StringCompressor.obj
         Debug\StringTable.obj
         Debug\SuperFastHash.obj
         Debug\TableSerializer.obj
         Debug\TCPInterface.obj
         Debug\TeamBalancer.obj
         Debug\TeamManager.obj
         Debug\TelnetTransport.obj
         Debug\ThreadsafePacketLogger.obj
         Debug\TwoWayAuthentication.obj
         Debug\UDPForwarder.obj
         Debug\UDPProxyClient.obj
         Debug\UDPProxyCoordinator.obj
         Debug\UDPProxyServer.obj
         Debug\VariableDeltaSerializer.obj
         Debug\VariableListDeltaTracker.obj
         Debug\VariadicSQLParser.obj
         Debug\VitaIncludes.obj
         Debug\WSAStartupSingleton.obj
         Debug\_FindFirst.obj
         Debug\StdInc.obj
         Debug\rdlmalloc.obj
         Debug\CBitStream.obj
         Debug\CControlState.obj
         Debug\CString.obj
         Debug\SharedUtility.obj
            Creating library Z:\GTAMP\trunk\Binary\Network.Core.Debug.lib and object Z:\GTAMP\trunk\Binary\Network.Core.Debug.exp
         Network.Core.vcxproj -> Z:\GTAMP\trunk\Binary\Network.Core.Debug.dll
       FinalizeBuildStatus:
         Deleting file "Debug\Network.Core.unsuccessfulbuild".
         Touching "Debug\Network.Core.lastbuildstate".
     1>Done Building Project "Z:\GTAMP\trunk\Network\Core\Network.Core.vcxproj" (build target(s)).

Build succeeded.

Time Elapsed 00:00:42.20
