Build started 7/15/2013 2:43:26 AM.
     1>Project "Z:\GTAMP\trunk\Server\Core\Server.Core.vcxproj" on node 6 (build target(s)).
     1>InitializeBuildStatus:
         Creating "Debug\Server.Core.unsuccessfulbuild" because "AlwaysCreate" was specified.
       ClCompile:
         C:\Program Files (x86)\Microsoft Visual Studio 10.0\VC\bin\CL.exe /c /I../../Shared /I../../Vendor /I../../Vendor/Lua /ZI /nologo /W3 /WX- /Od /Oy- /D WIN32 /D _DEBUG /D _CONSOLE /D _CRT_SECURE_NO_WARNINGS /D _CRT_SECURE_NO_DEPRECATE /D _CRT_NONSTDC_NO_DEPRECATE /D _SERVER /D WIN32_LEAN_AND_MEAN /D _WINDLL /Gm /EHsc /RTC1 /MDd /GS /fp:precise /Zc:wchar_t /Zc:forScope /Fo"Debug\\" /Fd"Debug\vc100.pdb" /Gd /TP /analyze- /errorReport:prompt ..\..\Shared\CEvents.cpp ..\..\Shared\Scripting\CGlobalsManager.cpp ..\..\Shared\Scripting\CScript.cpp ..\..\Shared\Scripting\CScriptArguments.cpp C3DLabels.cpp CServer.cpp CModule.cpp CModuleManager.cpp CActorManager.cpp CBlipManager.cpp CCheckpoint.cpp CCheckpointManager.cpp CNetworkManager.cpp CObjectManager.cpp CPickupManager.cpp CPlayer.cpp CPlayerManager.cpp CServerPacketHandler.cpp CServerRPCHandler.cpp CVehicle.cpp CVehicleManager.cpp CWebserver.cpp ..\..\Shared\Network\CBitStream.cpp ..\..\Shared\Network\CHttpClient.cpp ..\..\Shared\Network\CNetworkModule.cpp ..\..\Shared\Network\CPacketHandler.cpp ..\..\Shared\Network\CRPCHandler.cpp CMasterList.cpp CQuery.cpp CClientFileManager.cpp ..\..\Shared\Scripting\CScriptingManager.cpp ..\..\Shared\Scripting\CScriptTimer.cpp ..\..\Shared\Scripting\CScriptTimerManager.cpp Main.cpp ModuleNatives\ActorModuleNatives.cpp ModuleNatives\AreaModuleNatives.cpp ModuleNatives\BlipModuleNatives.cpp ModuleNatives\CheckpointModuleNatives.cpp ModuleNatives\HashModuleNatives.cpp ModuleNatives\ObjectModuleNatives.cpp ModuleNatives\PickupModuleNatives.cpp ModuleNatives\PlayerModuleNatives.cpp ModuleNatives\ScriptModuleNatives.cpp ModuleNatives\ServerModuleNatives.cpp ModuleNatives\VehicleModuleNatives.cpp ModuleNatives\WorldModuleNatives.cpp Natives\3DLabelNatives.cpp Natives\ActorNatives.cpp Natives\BlipNatives.cpp Natives\CheckpointNatives.cpp Natives\ObjectNatives.cpp Natives\PickupNatives.cpp Natives\PlayerNatives.cpp Natives\ScriptNatives.cpp Natives\ServerNatives.cpp Natives\SystemNatives.cpp Natives\VehicleNatives.cpp ..\..\Shared\Scripting\Natives\AreaNatives.cpp ..\..\Shared\Scripting\Natives\EventNatives.cpp ..\..\Shared\Scripting\Natives\HashNatives.cpp ..\..\Shared\Scripting\Natives\SQLiteNatives.cpp ..\..\Shared\Scripting\Natives\TimerNatives.cpp ..\..\Shared\Scripting\Natives\WorldNatives.cpp ..\..\Shared\Scripting\Natives\XMLNatives.cpp ..\..\Shared\CExceptionHandler.cpp ..\..\Shared\CLibrary.cpp ..\..\Shared\CLogFile.cpp ..\..\Shared\CSettings.cpp ..\..\Shared\CString.cpp ..\..\Shared\SharedUtility.cpp ..\..\Shared\CSQLite.cpp ..\..\Shared\CXML.cpp ..\..\Vendor\tinyxml\ticpp.cpp ..\..\Vendor\tinyxml\tinystr.cpp ..\..\Vendor\tinyxml\tinyxml.cpp ..\..\Vendor\tinyxml\tinyxmlerror.cpp ..\..\Vendor\tinyxml\tinyxmlparser.cpp ..\..\Shared\Threading\CMutex.cpp ..\..\Shared\Threading\CThread.cpp ..\..\Vendor\md5\md5.cpp ..\..\Shared\Game\CControlState.cpp ..\..\Shared\Game\CTime.cpp ..\..\Shared\Game\CTrafficLights.cpp
         CTrafficLights.cpp
         CTime.cpp
         CControlState.cpp
         md5.cpp
         CThread.cpp
         CMutex.cpp
         tinyxmlparser.cpp
         tinyxmlerror.cpp
         tinyxml.cpp
         tinystr.cpp
         ticpp.cpp
         CXML.cpp
         CSQLite.cpp
         SharedUtility.cpp
         CString.cpp
         CSettings.cpp
         CLogFile.cpp
         CLibrary.cpp
         CExceptionHandler.cpp
         XMLNatives.cpp
         Generating Code...
         Compiling...
         WorldNatives.cpp
         TimerNatives.cpp
         SQLiteNatives.cpp
         HashNatives.cpp
         EventNatives.cpp
         AreaNatives.cpp
         VehicleNatives.cpp
         SystemNatives.cpp
         ServerNatives.cpp
         ScriptNatives.cpp
         PlayerNatives.cpp
         PickupNatives.cpp
         ObjectNatives.cpp
         CheckpointNatives.cpp
         BlipNatives.cpp
         ActorNatives.cpp
         3DLabelNatives.cpp
         WorldModuleNatives.cpp
         VehicleModuleNatives.cpp
         ServerModuleNatives.cpp
         Generating Code...
         Compiling...
         ScriptModuleNatives.cpp
         PlayerModuleNatives.cpp
         PickupModuleNatives.cpp
         ObjectModuleNatives.cpp
         HashModuleNatives.cpp
         CheckpointModuleNatives.cpp
         BlipModuleNatives.cpp
         AreaModuleNatives.cpp
         ActorModuleNatives.cpp
         Main.cpp
         CScriptTimerManager.cpp
         CScriptTimer.cpp
         CScriptingManager.cpp
         CClientFileManager.cpp
         CQuery.cpp
         CMasterList.cpp
         CRPCHandler.cpp
         CPacketHandler.cpp
         CNetworkModule.cpp
         CHttpClient.cpp
         Generating Code...
         Compiling...
         CBitStream.cpp
         CWebserver.cpp
         CVehicleManager.cpp
         CVehicle.cpp
         CServerRPCHandler.cpp
         CServerPacketHandler.cpp
         CPlayerManager.cpp
         CPlayer.cpp
         CPickupManager.cpp
         CObjectManager.cpp
         CNetworkManager.cpp
         CCheckpointManager.cpp
         CCheckpoint.cpp
         CBlipManager.cpp
         CActorManager.cpp
         CModuleManager.cpp
         CModule.cpp
         CServer.cpp
         C3DLabels.cpp
         CScriptArguments.cpp
         Generating Code...
         Compiling...
         CScript.cpp
         CGlobalsManager.cpp
         CEvents.cpp
         Generating Code...
         C:\Program Files (x86)\Microsoft Visual Studio 10.0\VC\bin\CL.exe /c /I../../Shared /I../../Vendor /I../../Vendor/Lua /ZI /nologo /W3 /WX- /Od /Oy- /D WIN32 /D _DEBUG /D _CONSOLE /D _CRT_SECURE_NO_WARNINGS /D _CRT_SECURE_NO_DEPRECATE /D _CRT_NONSTDC_NO_DEPRECATE /D _SERVER /D WIN32_LEAN_AND_MEAN /D _WINDLL /Gm /EHsc /RTC1 /MDd /GS /fp:precise /Zc:wchar_t /Zc:forScope /Fo"Debug\\" /Fd"Debug\vc100.pdb" /Gd /TC /analyze- /errorReport:prompt ..\..\Vendor\mongoose\mongoose.c ..\..\Vendor\sqlite\sqlite3.c
         sqlite3.c
         mongoose.c
         Generating Code...
       ManifestResourceCompile:
         C:\Program Files (x86)\Microsoft SDKs\Windows\v7.0A\bin\rc.exe /nologo /fo"Debug\Server.Core.Debug.dll.embed.manifest.res" Debug\Server.Core.Debug_manifest.rc 
       Link:
         C:\Program Files (x86)\Microsoft Visual Studio 10.0\VC\bin\link.exe /ERRORREPORT:PROMPT /OUT:"Z:\GTAMP\trunk\Binary\\Server.Core.Debug.dll" /INCREMENTAL /NOLOGO /LIBPATH:../../Vendor/lib winmm.lib ws2_32.lib lua_d.lib kernel32.lib user32.lib gdi32.lib winspool.lib comdlg32.lib advapi32.lib shell32.lib ole32.lib oleaut32.lib uuid.lib odbc32.lib odbccp32.lib /MANIFEST /ManifestFile:"Debug\Server.Core.Debug.dll.intermediate.manifest" /MANIFESTUAC:"level='asInvoker' uiAccess='false'" /DEBUG /PDB:"Z:\GTAMP\trunk\Binary\Server.Core.Debug.pdb" /SUBSYSTEM:WINDOWS /TLBID:1 /DYNAMICBASE /NXCOMPAT /IMPLIB:"Z:\GTAMP\trunk\Binary\Server.Core.Debug.lib" /MACHINE:X86 /DLL Debug\Server.Core.Debug.dll.embed.manifest.res
         Debug\CEvents.obj
         Debug\CGlobalsManager.obj
         Debug\CScript.obj
         Debug\CScriptArguments.obj
         Debug\C3DLabels.obj
         Debug\CServer.obj
         Debug\CModule.obj
         Debug\CModuleManager.obj
         Debug\CActorManager.obj
         Debug\CBlipManager.obj
         Debug\CCheckpoint.obj
         Debug\CCheckpointManager.obj
         Debug\CNetworkManager.obj
         Debug\CObjectManager.obj
         Debug\CPickupManager.obj
         Debug\CPlayer.obj
         Debug\CPlayerManager.obj
         Debug\CServerPacketHandler.obj
         Debug\CServerRPCHandler.obj
         Debug\CVehicle.obj
         Debug\CVehicleManager.obj
         Debug\CWebserver.obj
         Debug\mongoose.obj
         Debug\CBitStream.obj
         Debug\CHttpClient.obj
         Debug\CNetworkModule.obj
         Debug\CPacketHandler.obj
         Debug\CRPCHandler.obj
         Debug\CMasterList.obj
         Debug\CQuery.obj
         Debug\CClientFileManager.obj
         Debug\CScriptingManager.obj
         Debug\CScriptTimer.obj
         Debug\CScriptTimerManager.obj
         Debug\Main.obj
         Debug\ActorModuleNatives.obj
         Debug\AreaModuleNatives.obj
         Debug\BlipModuleNatives.obj
         Debug\CheckpointModuleNatives.obj
         Debug\HashModuleNatives.obj
         Debug\ObjectModuleNatives.obj
         Debug\PickupModuleNatives.obj
         Debug\PlayerModuleNatives.obj
         Debug\ScriptModuleNatives.obj
         Debug\ServerModuleNatives.obj
         Debug\VehicleModuleNatives.obj
         Debug\WorldModuleNatives.obj
         Debug\3DLabelNatives.obj
         Debug\ActorNatives.obj
         Debug\BlipNatives.obj
         Debug\CheckpointNatives.obj
         Debug\ObjectNatives.obj
         Debug\PickupNatives.obj
         Debug\PlayerNatives.obj
         Debug\ScriptNatives.obj
         Debug\ServerNatives.obj
         Debug\SystemNatives.obj
         Debug\VehicleNatives.obj
         Debug\AreaNatives.obj
         Debug\EventNatives.obj
         Debug\HashNatives.obj
         Debug\SQLiteNatives.obj
         Debug\TimerNatives.obj
         Debug\WorldNatives.obj
         Debug\XMLNatives.obj
         Debug\CExceptionHandler.obj
         Debug\CLibrary.obj
         Debug\CLogFile.obj
         Debug\CSettings.obj
         Debug\CString.obj
         Debug\SharedUtility.obj
         Debug\CSQLite.obj
         Debug\sqlite3.obj
         Debug\CXML.obj
         Debug\ticpp.obj
         Debug\tinystr.obj
         Debug\tinyxml.obj
         Debug\tinyxmlerror.obj
         Debug\tinyxmlparser.obj
         Debug\CMutex.obj
         Debug\CThread.obj
         Debug\md5.obj
         Debug\CControlState.obj
         Debug\CTime.obj
         Debug\CTrafficLights.obj
            Creating library Z:\GTAMP\trunk\Binary\Server.Core.Debug.lib and object Z:\GTAMP\trunk\Binary\Server.Core.Debug.exp
       Manifest:
         C:\Program Files (x86)\Microsoft SDKs\Windows\v7.0A\bin\mt.exe /nologo /verbose /out:"Debug\Server.Core.Debug.dll.embed.manifest" /manifest Debug\Server.Core.Debug.dll.intermediate.manifest
         C:\Program Files (x86)\Microsoft SDKs\Windows\v7.0A\bin\rc.exe /nologo /fo"Debug\Server.Core.Debug.dll.embed.manifest.res" Debug\Server.Core.Debug_manifest.rc 
       LinkEmbedManifest:
         C:\Program Files (x86)\Microsoft Visual Studio 10.0\VC\bin\link.exe /ERRORREPORT:PROMPT /OUT:"Z:\GTAMP\trunk\Binary\\Server.Core.Debug.dll" /INCREMENTAL /NOLOGO /LIBPATH:../../Vendor/lib winmm.lib ws2_32.lib lua_d.lib kernel32.lib user32.lib gdi32.lib winspool.lib comdlg32.lib advapi32.lib shell32.lib ole32.lib oleaut32.lib uuid.lib odbc32.lib odbccp32.lib /MANIFEST /ManifestFile:"Debug\Server.Core.Debug.dll.intermediate.manifest" /MANIFESTUAC:"level='asInvoker' uiAccess='false'" /DEBUG /PDB:"Z:\GTAMP\trunk\Binary\Server.Core.Debug.pdb" /SUBSYSTEM:WINDOWS /TLBID:1 /DYNAMICBASE /NXCOMPAT /IMPLIB:"Z:\GTAMP\trunk\Binary\Server.Core.Debug.lib" /MACHINE:X86 /DLL Debug\Server.Core.Debug.dll.embed.manifest.res
         Debug\CEvents.obj
         Debug\CGlobalsManager.obj
         Debug\CScript.obj
         Debug\CScriptArguments.obj
         Debug\C3DLabels.obj
         Debug\CServer.obj
         Debug\CModule.obj
         Debug\CModuleManager.obj
         Debug\CActorManager.obj
         Debug\CBlipManager.obj
         Debug\CCheckpoint.obj
         Debug\CCheckpointManager.obj
         Debug\CNetworkManager.obj
         Debug\CObjectManager.obj
         Debug\CPickupManager.obj
         Debug\CPlayer.obj
         Debug\CPlayerManager.obj
         Debug\CServerPacketHandler.obj
         Debug\CServerRPCHandler.obj
         Debug\CVehicle.obj
         Debug\CVehicleManager.obj
         Debug\CWebserver.obj
         Debug\mongoose.obj
         Debug\CBitStream.obj
         Debug\CHttpClient.obj
         Debug\CNetworkModule.obj
         Debug\CPacketHandler.obj
         Debug\CRPCHandler.obj
         Debug\CMasterList.obj
         Debug\CQuery.obj
         Debug\CClientFileManager.obj
         Debug\CScriptingManager.obj
         Debug\CScriptTimer.obj
         Debug\CScriptTimerManager.obj
         Debug\Main.obj
         Debug\ActorModuleNatives.obj
         Debug\AreaModuleNatives.obj
         Debug\BlipModuleNatives.obj
         Debug\CheckpointModuleNatives.obj
         Debug\HashModuleNatives.obj
         Debug\ObjectModuleNatives.obj
         Debug\PickupModuleNatives.obj
         Debug\PlayerModuleNatives.obj
         Debug\ScriptModuleNatives.obj
         Debug\ServerModuleNatives.obj
         Debug\VehicleModuleNatives.obj
         Debug\WorldModuleNatives.obj
         Debug\3DLabelNatives.obj
         Debug\ActorNatives.obj
         Debug\BlipNatives.obj
         Debug\CheckpointNatives.obj
         Debug\ObjectNatives.obj
         Debug\PickupNatives.obj
         Debug\PlayerNatives.obj
         Debug\ScriptNatives.obj
         Debug\ServerNatives.obj
         Debug\SystemNatives.obj
         Debug\VehicleNatives.obj
         Debug\AreaNatives.obj
         Debug\EventNatives.obj
         Debug\HashNatives.obj
         Debug\SQLiteNatives.obj
         Debug\TimerNatives.obj
         Debug\WorldNatives.obj
         Debug\XMLNatives.obj
         Debug\CExceptionHandler.obj
         Debug\CLibrary.obj
         Debug\CLogFile.obj
         Debug\CSettings.obj
         Debug\CString.obj
         Debug\SharedUtility.obj
         Debug\CSQLite.obj
         Debug\sqlite3.obj
         Debug\CXML.obj
         Debug\ticpp.obj
         Debug\tinystr.obj
         Debug\tinyxml.obj
         Debug\tinyxmlerror.obj
         Debug\tinyxmlparser.obj
         Debug\CMutex.obj
         Debug\CThread.obj
         Debug\md5.obj
         Debug\CControlState.obj
         Debug\CTime.obj
         Debug\CTrafficLights.obj
            Creating library Z:\GTAMP\trunk\Binary\Server.Core.Debug.lib and object Z:\GTAMP\trunk\Binary\Server.Core.Debug.exp
         Server.Core.vcxproj -> Z:\GTAMP\trunk\Binary\Server.Core.Debug.dll
       FinalizeBuildStatus:
         Deleting file "Debug\Server.Core.unsuccessfulbuild".
         Touching "Debug\Server.Core.lastbuildstate".
     1>Done Building Project "Z:\GTAMP\trunk\Server\Core\Server.Core.vcxproj" (build target(s)).

Build succeeded.

Time Elapsed 00:00:42.75
