Build started 7/15/2013 2:43:26 AM.
     1>Project "Z:\GTAMP\trunk\Client\Launcher\Client.Launcher.vcxproj" on node 8 (build target(s)).
     1>InitializeBuildStatus:
         Creating "Debug\Client.Launcher.unsuccessfulbuild" because "AlwaysCreate" was specified.
       ClCompile:
         C:\Program Files (x86)\Microsoft Visual Studio 10.0\VC\bin\CL.exe /c /I. /I../../Shared /ZI /nologo /W3 /WX- /Od /Oy- /D WIN32 /D _WINDOWS /D _DEBUG /D _CRT_SECURE_NO_WARNINGS /D _CRT_SECURE_NO_DEPRECATE /D WIN32_LEAN_AND_MEAN /Gm /EHsc /RTC1 /MDd /GS /fp:precise /Zc:wchar_t /Zc:forScope /Yc"StdInc.h" /Fp"Debug\Client.Launcher.Debug.pch" /Fo"Debug\\" /Fd"Debug\vc100.pdb" /Gd /TP /wd4996 /analyze- /errorReport:prompt StdInc.cpp
         StdInc.cpp
         C:\Program Files (x86)\Microsoft Visual Studio 10.0\VC\bin\CL.exe /c /I. /I../../Shared /ZI /nologo /W3 /WX- /Od /Oy- /D WIN32 /D _WINDOWS /D _DEBUG /D _CRT_SECURE_NO_WARNINGS /D _CRT_SECURE_NO_DEPRECATE /D WIN32_LEAN_AND_MEAN /Gm /EHsc /RTC1 /MDd /GS /fp:precise /Zc:wchar_t /Zc:forScope /Yu"StdInc.h" /Fp"Debug\Client.Launcher.Debug.pch" /Fo"Debug\\" /Fd"Debug\vc100.pdb" /Gd /TP /wd4996 /analyze- /errorReport:prompt Main.cpp
         Main.cpp
         C:\Program Files (x86)\Microsoft Visual Studio 10.0\VC\bin\CL.exe /c /I. /I../../Shared /ZI /nologo /W3 /WX- /Od /Oy- /D WIN32 /D _WINDOWS /D _DEBUG /D _CRT_SECURE_NO_WARNINGS /D _CRT_SECURE_NO_DEPRECATE /D WIN32_LEAN_AND_MEAN /Gm /EHsc /RTC1 /MDd /GS /fp:precise /Zc:wchar_t /Zc:forScope /Fo"Debug\\" /Fd"Debug\vc100.pdb" /Gd /TP /wd4996 /analyze- /errorReport:prompt ..\..\Shared\CString.cpp ..\..\Shared\SharedUtility.cpp
         SharedUtility.cpp
         CString.cpp
         Generating Code...
       ResourceCompile:
         C:\Program Files (x86)\Microsoft SDKs\Windows\v7.0A\bin\rc.exe /D _DEBUG /l"0x0409" /IDebug\ /nologo /fo"Debug\Launcher.res" Launcher.rc 
       ManifestResourceCompile:
         C:\Program Files (x86)\Microsoft SDKs\Windows\v7.0A\bin\rc.exe /nologo /fo"Debug\Client.Launcher.Debug.exe.embed.manifest.res" Debug\Client.Launcher.Debug_manifest.rc 
       Link:
         C:\Program Files (x86)\Microsoft Visual Studio 10.0\VC\bin\link.exe /ERRORREPORT:PROMPT /OUT:"Z:\GTAMP\trunk\Binary\\Client.Launcher.Debug.exe" /INCREMENTAL /NOLOGO winmm.lib ws2_32.lib kernel32.lib user32.lib gdi32.lib winspool.lib comdlg32.lib advapi32.lib shell32.lib ole32.lib oleaut32.lib uuid.lib odbc32.lib odbccp32.lib /MANIFEST /ManifestFile:"Debug\Client.Launcher.Debug.exe.intermediate.manifest" /MANIFESTUAC:"level='requireAdministrator' uiAccess='false'" /DEBUG /PDB:"Z:\GTAMP\trunk\Binary\Client.Launcher.Debug.pdb" /SUBSYSTEM:WINDOWS /TLBID:1 /DYNAMICBASE /NXCOMPAT /IMPLIB:"Z:\GTAMP\trunk\Binary\Client.Launcher.Debug.lib" /MACHINE:X86 Debug\Launcher.res
         Debug\Client.Launcher.Debug.exe.embed.manifest.res
         Debug\Main.obj
         Debug\StdInc.obj
         Debug\CString.obj
         Debug\SharedUtility.obj
       Manifest:
         C:\Program Files (x86)\Microsoft SDKs\Windows\v7.0A\bin\mt.exe /nologo /verbose /out:"Debug\Client.Launcher.Debug.exe.embed.manifest" /manifest Debug\Client.Launcher.Debug.exe.intermediate.manifest
         C:\Program Files (x86)\Microsoft SDKs\Windows\v7.0A\bin\rc.exe /nologo /fo"Debug\Client.Launcher.Debug.exe.embed.manifest.res" Debug\Client.Launcher.Debug_manifest.rc 
       LinkEmbedManifest:
         C:\Program Files (x86)\Microsoft Visual Studio 10.0\VC\bin\link.exe /ERRORREPORT:PROMPT /OUT:"Z:\GTAMP\trunk\Binary\\Client.Launcher.Debug.exe" /INCREMENTAL /NOLOGO winmm.lib ws2_32.lib kernel32.lib user32.lib gdi32.lib winspool.lib comdlg32.lib advapi32.lib shell32.lib ole32.lib oleaut32.lib uuid.lib odbc32.lib odbccp32.lib /MANIFEST /ManifestFile:"Debug\Client.Launcher.Debug.exe.intermediate.manifest" /MANIFESTUAC:"level='requireAdministrator' uiAccess='false'" /DEBUG /PDB:"Z:\GTAMP\trunk\Binary\Client.Launcher.Debug.pdb" /SUBSYSTEM:WINDOWS /TLBID:1 /DYNAMICBASE /NXCOMPAT /IMPLIB:"Z:\GTAMP\trunk\Binary\Client.Launcher.Debug.lib" /MACHINE:X86 Debug\Launcher.res
         Debug\Client.Launcher.Debug.exe.embed.manifest.res
         Debug\Main.obj
         Debug\StdInc.obj
         Debug\CString.obj
         Debug\SharedUtility.obj
         Client.Launcher.vcxproj -> Z:\GTAMP\trunk\Binary\Client.Launcher.Debug.exe
       FinalizeBuildStatus:
         Deleting file "Debug\Client.Launcher.unsuccessfulbuild".
         Touching "Debug\Client.Launcher.lastbuildstate".
     1>Done Building Project "Z:\GTAMP\trunk\Client\Launcher\Client.Launcher.vcxproj" (build target(s)).

Build succeeded.

Time Elapsed 00:00:03.91
