Build started 7/15/2013 2:43:26 AM.
     1>Project "Z:\GTAMP\trunk\Client\LaunchHelper\Client.LaunchHelper.vcxproj" on node 7 (build target(s)).
     1>InitializeBuildStatus:
         Creating "Debug\Client.LaunchHelper.unsuccessfulbuild" because "AlwaysCreate" was specified.
       ClCompile:
         C:\Program Files (x86)\Microsoft Visual Studio 10.0\VC\bin\CL.exe /c /I. /I../../Shared /I../../Shared/Detours /ZI /nologo /W3 /WX- /Od /Oy- /D WIN32 /D _DEBUG /D _WINDOWS /D _USRDLL /D LAUNCHERLIBRARY_EXPORTS /D _CRT_SECURE_NO_WARNINGS /D _CRT_SECURE_NO_DEPRECATE /D _WINDLL /Gm /EHsc /RTC1 /MDd /GS /fp:precise /Zc:wchar_t /Zc:forScope /Yc"StdInc.h" /Fp"Debug\Client.LaunchHelper.Debug.pch" /Fo"Debug\\" /Fd"Debug\vc100.pdb" /Gd /TP /wd4996 /analyze- /errorReport:prompt StdInc.cpp
         StdInc.cpp
         C:\Program Files (x86)\Microsoft Visual Studio 10.0\VC\bin\CL.exe /c /I. /I../../Shared /I../../Shared/Detours /ZI /nologo /W3 /WX- /Od /Oy- /D WIN32 /D _DEBUG /D _WINDOWS /D _USRDLL /D LAUNCHERLIBRARY_EXPORTS /D _CRT_SECURE_NO_WARNINGS /D _CRT_SECURE_NO_DEPRECATE /D _WINDLL /Gm /EHsc /RTC1 /MDd /GS /fp:precise /Zc:wchar_t /Zc:forScope /Yu"StdInc.h" /Fp"Debug\Client.LaunchHelper.Debug.pch" /Fo"Debug\\" /Fd"Debug\vc100.pdb" /Gd /TP /wd4996 /analyze- /errorReport:prompt Main.cpp
         Main.cpp
         C:\Program Files (x86)\Microsoft Visual Studio 10.0\VC\bin\CL.exe /c /I. /I../../Shared /I../../Shared/Detours /ZI /nologo /W3 /WX- /Od /Oy- /D WIN32 /D _DEBUG /D _WINDOWS /D _USRDLL /D LAUNCHERLIBRARY_EXPORTS /D _CRT_SECURE_NO_WARNINGS /D _CRT_SECURE_NO_DEPRECATE /D _WINDLL /Gm /EHsc /RTC1 /MDd /GS /fp:precise /Zc:wchar_t /Zc:forScope /Fo"Debug\\" /Fd"Debug\vc100.pdb" /Gd /TP /wd4996 /analyze- /errorReport:prompt ..\..\Shared\Patcher\CPatcher.cpp ..\..\Shared\CString.cpp ..\..\Shared\SharedUtility.cpp
         SharedUtility.cpp
         CString.cpp
         CPatcher.cpp
         Generating Code...
       ManifestResourceCompile:
         C:\Program Files (x86)\Microsoft SDKs\Windows\v7.0A\bin\rc.exe /nologo /fo"Debug\Client.LaunchHelper.Debug.dll.embed.manifest.res" Debug\Client.LaunchHelper.Debug_manifest.rc 
       Link:
         C:\Program Files (x86)\Microsoft Visual Studio 10.0\VC\bin\link.exe /ERRORREPORT:PROMPT /OUT:"Z:\GTAMP\trunk\Binary\\Client.LaunchHelper.Debug.dll" /INCREMENTAL /NOLOGO /LIBPATH:../../Shared/Detours winmm.lib ws2_32.lib kernel32.lib user32.lib gdi32.lib winspool.lib comdlg32.lib advapi32.lib shell32.lib ole32.lib oleaut32.lib uuid.lib odbc32.lib odbccp32.lib /MANIFEST /ManifestFile:"Debug\Client.LaunchHelper.Debug.dll.intermediate.manifest" /MANIFESTUAC:"level='asInvoker' uiAccess='false'" /DEBUG /PDB:"Z:\GTAMP\trunk\Binary\Client.LaunchHelper.Debug.pdb" /SUBSYSTEM:WINDOWS /TLBID:1 /DYNAMICBASE /NXCOMPAT /IMPLIB:"Z:\GTAMP\trunk\Binary\Client.LaunchHelper.Debug.lib" /MACHINE:X86 /DLL Debug\Client.LaunchHelper.Debug.dll.embed.manifest.res
         Debug\Main.obj
         Debug\StdInc.obj
         Debug\CPatcher.obj
         Debug\CString.obj
         Debug\SharedUtility.obj
       Manifest:
         C:\Program Files (x86)\Microsoft SDKs\Windows\v7.0A\bin\mt.exe /nologo /verbose /out:"Debug\Client.LaunchHelper.Debug.dll.embed.manifest" /manifest Debug\Client.LaunchHelper.Debug.dll.intermediate.manifest
         C:\Program Files (x86)\Microsoft SDKs\Windows\v7.0A\bin\rc.exe /nologo /fo"Debug\Client.LaunchHelper.Debug.dll.embed.manifest.res" Debug\Client.LaunchHelper.Debug_manifest.rc 
       LinkEmbedManifest:
         C:\Program Files (x86)\Microsoft Visual Studio 10.0\VC\bin\link.exe /ERRORREPORT:PROMPT /OUT:"Z:\GTAMP\trunk\Binary\\Client.LaunchHelper.Debug.dll" /INCREMENTAL /NOLOGO /LIBPATH:../../Shared/Detours winmm.lib ws2_32.lib kernel32.lib user32.lib gdi32.lib winspool.lib comdlg32.lib advapi32.lib shell32.lib ole32.lib oleaut32.lib uuid.lib odbc32.lib odbccp32.lib /MANIFEST /ManifestFile:"Debug\Client.LaunchHelper.Debug.dll.intermediate.manifest" /MANIFESTUAC:"level='asInvoker' uiAccess='false'" /DEBUG /PDB:"Z:\GTAMP\trunk\Binary\Client.LaunchHelper.Debug.pdb" /SUBSYSTEM:WINDOWS /TLBID:1 /DYNAMICBASE /NXCOMPAT /IMPLIB:"Z:\GTAMP\trunk\Binary\Client.LaunchHelper.Debug.lib" /MACHINE:X86 /DLL Debug\Client.LaunchHelper.Debug.dll.embed.manifest.res
         Debug\Main.obj
         Debug\StdInc.obj
         Debug\CPatcher.obj
         Debug\CString.obj
         Debug\SharedUtility.obj
         Client.LaunchHelper.vcxproj -> Z:\GTAMP\trunk\Binary\Client.LaunchHelper.Debug.dll
       FinalizeBuildStatus:
         Deleting file "Debug\Client.LaunchHelper.unsuccessfulbuild".
         Touching "Debug\Client.LaunchHelper.lastbuildstate".
     1>Done Building Project "Z:\GTAMP\trunk\Client\LaunchHelper\Client.LaunchHelper.vcxproj" (build target(s)).

Build succeeded.

Time Elapsed 00:00:40.22
