Build started 7/15/2013 2:43:26 AM.
     1>Project "Z:\GTAMP\trunk\Client\VFS\Client.VFS.vcxproj" on node 5 (build target(s)).
     1>InitializeBuildStatus:
         Creating "Debug\Client.VFS.unsuccessfulbuild" because "AlwaysCreate" was specified.
       ClCompile:
         C:\Program Files (x86)\Microsoft Visual Studio 10.0\VC\bin\CL.exe /c /I"..\..\Vendor\fat-io" /I..\..\Shared\VFS /ZI /nologo /W3 /WX- /Od /Oy- /D WIN32 /D _WINDLL /Gm /EHsc /RTC1 /MDd /GS /fp:precise /Zc:wchar_t /Zc:forScope /Fo"Debug\\" /Fd"Debug\vc100.pdb" /Gd /TP /wd4996 /analyze- /errorReport:prompt CVFS.cpp Main.cpp Rijndael.cpp /Zp1 
         Rijndael.cpp
         Main.cpp
         CVFS.cpp
         Generating Code...
       Link:
         C:\Program Files (x86)\Microsoft Visual Studio 10.0\VC\bin\link.exe /ERRORREPORT:PROMPT /OUT:"Z:\GTAMP\trunk\Binary\\Client.VFS.Debug.dll" /NOLOGO /LIBPATH:..\..\Vendor\lib "fat-io_d.lib" kernel32.lib user32.lib gdi32.lib winspool.lib comdlg32.lib advapi32.lib shell32.lib ole32.lib oleaut32.lib uuid.lib odbc32.lib odbccp32.lib /MANIFEST /ManifestFile:"Debug\Client.VFS.Debug.dll.intermediate.manifest" /MANIFESTUAC:"level='asInvoker' uiAccess='false'" /DEBUG /PDB:"Z:\GTAMP\trunk\Binary\Client.VFS.Debug.pdb" /TLBID:1 /DYNAMICBASE /NXCOMPAT /IMPLIB:"Z:\GTAMP\trunk\Binary\Client.VFS.Debug.lib" /MACHINE:X86 /DLL Debug\CVFS.obj
         Debug\Main.obj
         Debug\Rijndael.obj
            Creating library Z:\GTAMP\trunk\Binary\Client.VFS.Debug.lib and object Z:\GTAMP\trunk\Binary\Client.VFS.Debug.exp
         Client.VFS.vcxproj -> Z:\GTAMP\trunk\Binary\Client.VFS.Debug.dll
       Manifest:
         C:\Program Files (x86)\Microsoft SDKs\Windows\v7.0A\bin\mt.exe /nologo /verbose /outputresource:"Z:\GTAMP\trunk\Binary\\Client.VFS.Debug.dll;#2" /manifest Debug\Client.VFS.Debug.dll.intermediate.manifest
       FinalizeBuildStatus:
         Deleting file "Debug\Client.VFS.unsuccessfulbuild".
         Touching "Debug\Client.VFS.lastbuildstate".
     1>Done Building Project "Z:\GTAMP\trunk\Client\VFS\Client.VFS.vcxproj" (build target(s)).

Build succeeded.

Time Elapsed 00:00:01.47
