Build started 7/15/2013 2:43:25 AM.
     1>Project "Z:\GTAMP\trunk\Client\CrashReporter\Client.CrashReporter.vcxproj" on node 3 (build target(s)).
     1>InitializeBuildStatus:
         Creating "Debug\Client.CrashReporter.unsuccessfulbuild" because "AlwaysCreate" was specified.
       ClCompile:
         C:\Program Files (x86)\Microsoft Visual Studio 10.0\VC\bin\CL.exe /c /I..\..\Shared /I.\CEGUI\cegui\include /I"..\..\Vendor\zlib-1.2.5" /I..\..\Vendor\DXSDK\include /I..\..\Vendor\bass /I..\..\Vendor /I..\..\Vendor\Squirrel /I..\..\Client\Core\EA /ZI /nologo /W3 /WX- /Od /Oy- /D WIN_32 /D WIN32 /D _CRT_SECURE_NO_WARNINGS /D _CRT_SECURE_NO_DEPRECATE /Gm /EHsc /RTC1 /MDd /GS /fp:precise /Zc:wchar_t /Zc:forScope /Fo"Debug\\" /Fd"Debug\vc100.pdb" /Gd /TP /wd4996 /analyze- /errorReport:prompt ..\..\Shared\CString.cpp ..\..\Shared\Network\CHttpClient.cpp ..\..\Shared\SharedUtility.cpp main.cpp
         main.cpp
         SharedUtility.cpp
         CHttpClient.cpp
         CString.cpp
         Generating Code...
       ResourceCompile:
         C:\Program Files (x86)\Microsoft SDKs\Windows\v7.0A\bin\rc.exe /l"0x0409" /nologo /fo"Debug\rc.res" rc.rc 
       Link:
         C:\Program Files (x86)\Microsoft Visual Studio 10.0\VC\bin\link.exe /ERRORREPORT:PROMPT /OUT:"Z:\GTAMP\trunk\Binary\Client.CrashReporter.exe" /NOLOGO kernel32.lib user32.lib gdi32.lib winspool.lib comdlg32.lib advapi32.lib shell32.lib ole32.lib oleaut32.lib uuid.lib odbc32.lib odbccp32.lib /MANIFEST /ManifestFile:"Debug\Client.CrashReporter.exe.intermediate.manifest" /MANIFESTUAC:"level='asInvoker' uiAccess='false'" /DEBUG /PDB:"Z:\GTAMP\trunk\Binary\Client.CrashReporter.pdb" /TLBID:1 /DYNAMICBASE /NXCOMPAT /IMPLIB:"Z:\GTAMP\trunk\Binary\Client.CrashReporter.lib" /MACHINE:X86 Debug\rc.res
         Debug\CString.obj
         Debug\CHttpClient.obj
         Debug\SharedUtility.obj
         Debug\main.obj
         Client.CrashReporter.vcxproj -> Z:\GTAMP\trunk\Binary\Client.CrashReporter.exe
       Manifest:
         C:\Program Files (x86)\Microsoft SDKs\Windows\v7.0A\bin\mt.exe /nologo /verbose /outputresource:"Z:\GTAMP\trunk\Binary\Client.CrashReporter.exe;#1" /manifest Debug\Client.CrashReporter.exe.intermediate.manifest
       FinalizeBuildStatus:
         Deleting file "Debug\Client.CrashReporter.unsuccessfulbuild".
         Touching "Debug\Client.CrashReporter.lastbuildstate".
     1>Done Building Project "Z:\GTAMP\trunk\Client\CrashReporter\Client.CrashReporter.vcxproj" (build target(s)).

Build succeeded.

Time Elapsed 00:00:04.73
