Build started 7/15/2013 2:43:25 AM.
     1>Project "Z:\GTAMP\trunk\Client\VFS\Util\VFSModule.Util.vcxproj" on node 4 (build target(s)).
     1>InitializeBuildStatus:
         Creating "Debug\Client.VFS.Utility.unsuccessfulbuild" because "AlwaysCreate" was specified.
       ClCompile:
         C:\Program Files (x86)\Microsoft Visual Studio 10.0\VC\bin\CL.exe /c /I..\..\..\Shared /I"..\..\..\Vendor\zlib-1.2.5" /ZI /nologo /W3 /WX- /Od /Oy- /D WIN32 /Gm /EHsc /RTC1 /MDd /GS /fp:precise /Zc:wchar_t /Zc:forScope /Fo"Debug\\" /Fd"Debug\vc100.pdb" /Gd /TP /wd4996 /analyze- /errorReport:prompt ..\..\..\Shared\CLibrary.cpp ..\..\..\Shared\CString.cpp ..\..\..\Shared\VFS\CVFSModule.cpp ..\..\..\Shared\SharedUtility.cpp Main.cpp /Zp1 
         Main.cpp
         SharedUtility.cpp
         CVFSModule.cpp
         CString.cpp
         CLibrary.cpp
         Generating Code...
       Link:
         C:\Program Files (x86)\Microsoft Visual Studio 10.0\VC\bin\link.exe /ERRORREPORT:PROMPT /OUT:"Z:\GTAMP\trunk\Binary\\Client.VFS.Utility.Debug.exe" /NOLOGO /LIBPATH:..\..\..\Vendor\lib zlib_d.lib ws2_32.lib winmm.lib kernel32.lib user32.lib gdi32.lib winspool.lib comdlg32.lib advapi32.lib shell32.lib ole32.lib oleaut32.lib uuid.lib odbc32.lib odbccp32.lib /MANIFEST /ManifestFile:"Debug\Client.VFS.Utility.Debug.exe.intermediate.manifest" /MANIFESTUAC:"level='asInvoker' uiAccess='false'" /DEBUG /PDB:"Z:\GTAMP\trunk\Binary\Client.VFS.Utility.Debug.pdb" /TLBID:1 /DYNAMICBASE /NXCOMPAT /IMPLIB:"Z:\GTAMP\trunk\Binary\Client.VFS.Utility.Debug.lib" /MACHINE:X86 Debug\CLibrary.obj
         Debug\CString.obj
         Debug\CVFSModule.obj
         Debug\SharedUtility.obj
         Debug\Main.obj
         VFSModule.Util.vcxproj -> Z:\GTAMP\trunk\Binary\Client.VFS.Utility.Debug.exe
       Manifest:
         C:\Program Files (x86)\Microsoft SDKs\Windows\v7.0A\bin\mt.exe /nologo /verbose /outputresource:"Z:\GTAMP\trunk\Binary\\Client.VFS.Utility.Debug.exe;#1" /manifest Debug\Client.VFS.Utility.Debug.exe.intermediate.manifest
       FinalizeBuildStatus:
         Deleting file "Debug\Client.VFS.Utility.unsuccessfulbuild".
         Touching "Debug\Client.VFS.Utility.lastbuildstate".
     1>Done Building Project "Z:\GTAMP\trunk\Client\VFS\Util\VFSModule.Util.vcxproj" (build target(s)).

Build succeeded.

Time Elapsed 00:00:04.67
